<?xml version="1.0" encoding="UTF-8"?>
<!-- Generated by org.testng.reporters.JUnitReportReporter -->
<testsuite hostname="kashif-PC" name="com.org.MaveDemo.AutomationParactice.com.TestVerifyMenu" tests="1" failures="0" timestamp="24 Jan 2016 15:01:38 GMT" time="1.083" errors="0">
  <testcase name="verifymenuLink" time="1.083" classname="com.org.MaveDemo.AutomationParactice.com.TestVerifyMenu"/>
</testsuite> <!-- com.org.MaveDemo.AutomationParactice.com.TestVerifyMenu -->
