<?xml version="1.0" encoding="UTF-8"?>
<!-- Generated by org.testng.reporters.JUnitReportReporter -->
<testsuite hostname="kashif-PC" name="com.org.MaveDemo.AutomationParactice.com.VerifyMenuTest" tests="1" failures="0" timestamp="24 Jan 2016 16:17:40 GMT" time="1.091" errors="0">
  <testcase name="verifymenuLink" time="1.091" classname="com.org.MaveDemo.AutomationParactice.com.VerifyMenuTest"/>
</testsuite> <!-- com.org.MaveDemo.AutomationParactice.com.VerifyMenuTest -->
